<?xml version="1.0" encoding="UTF-8"?>
<testsuite xmlns:xsi="http://www.w3.org/2001/XMLSchema-instance" xsi:noNamespaceSchemaLocation="https://maven.apache.org/surefire/maven-surefire-plugin/xsd/surefire-test-report.xsd" name="TestSuite" time="31.379" tests="2" errors="0" skipped="0" failures="1">
  <properties>
    <property name="java.specification.version" value="14"/>
    <property name="sun.cpu.isalist" value="amd64"/>
    <property name="sun.jnu.encoding" value="GBK"/>
    <property name="java.class.path" value="C:\Reporsitory\Web UI1.0\target\test-classes;C:\Reporsitory\Web UI1.0\target\classes;C:\Develop\repository\org\seleniumhq\selenium\selenium-java\3.141.59\selenium-java-3.141.59.jar;C:\Develop\repository\org\seleniumhq\selenium\selenium-api\3.141.59\selenium-api-3.141.59.jar;C:\Develop\repository\org\seleniumhq\selenium\selenium-chrome-driver\3.141.59\selenium-chrome-driver-3.141.59.jar;C:\Develop\repository\org\seleniumhq\selenium\selenium-edge-driver\3.141.59\selenium-edge-driver-3.141.59.jar;C:\Develop\repository\org\seleniumhq\selenium\selenium-firefox-driver\3.141.59\selenium-firefox-driver-3.141.59.jar;C:\Develop\repository\org\seleniumhq\selenium\selenium-ie-driver\3.141.59\selenium-ie-driver-3.141.59.jar;C:\Develop\repository\org\seleniumhq\selenium\selenium-opera-driver\3.141.59\selenium-opera-driver-3.141.59.jar;C:\Develop\repository\org\seleniumhq\selenium\selenium-remote-driver\3.141.59\selenium-remote-driver-3.141.59.jar;C:\Develop\repository\org\seleniumhq\selenium\selenium-safari-driver\3.141.59\selenium-safari-driver-3.141.59.jar;C:\Develop\repository\org\seleniumhq\selenium\selenium-support\3.141.59\selenium-support-3.141.59.jar;C:\Develop\repository\net\bytebuddy\byte-buddy\1.8.15\byte-buddy-1.8.15.jar;C:\Develop\repository\org\apache\commons\commons-exec\1.3\commons-exec-1.3.jar;C:\Develop\repository\com\google\guava\guava\25.0-jre\guava-25.0-jre.jar;C:\Develop\repository\com\google\code\findbugs\jsr305\1.3.9\jsr305-1.3.9.jar;C:\Develop\repository\org\checkerframework\checker-compat-qual\2.0.0\checker-compat-qual-2.0.0.jar;C:\Develop\repository\com\google\errorprone\error_prone_annotations\2.1.3\error_prone_annotations-2.1.3.jar;C:\Develop\repository\com\google\j2objc\j2objc-annotations\1.1\j2objc-annotations-1.1.jar;C:\Develop\repository\org\codehaus\mojo\animal-sniffer-annotations\1.14\animal-sniffer-annotations-1.14.jar;C:\Develop\repository\com\squareup\okhttp3\okhttp\3.11.0\okhttp-3.11.0.jar;C:\Develop\repository\com\squareup\okio\okio\1.14.0\okio-1.14.0.jar;C:\Develop\repository\org\testng\testng\6.14.3\testng-6.14.3.jar;C:\Develop\repository\com\beust\jcommander\1.72\jcommander-1.72.jar;C:\Develop\repository\org\apache-extras\beanshell\bsh\2.0b6\bsh-2.0b6.jar;C:\Develop\repository\com\aventstack\extentreports\4.0.9\extentreports-4.0.9.jar;C:\Develop\repository\org\freemarker\freemarker\2.3.23\freemarker-2.3.23.jar;C:\Develop\repository\org\mongodb\mongodb-driver\3.3.0\mongodb-driver-3.3.0.jar;C:\Develop\repository\org\mongodb\mongodb-driver-core\3.3.0\mongodb-driver-core-3.3.0.jar;C:\Develop\repository\org\mongodb\bson\3.3.0\bson-3.3.0.jar;C:\Develop\repository\org\apache\httpcomponents\httpclient\4.5.2\httpclient-4.5.2.jar;C:\Develop\repository\org\apache\httpcomponents\httpcore\4.4.4\httpcore-4.4.4.jar;C:\Develop\repository\commons-logging\commons-logging\1.2\commons-logging-1.2.jar;C:\Develop\repository\commons-codec\commons-codec\1.9\commons-codec-1.9.jar;C:\Develop\repository\org\apache\httpcomponents\httpmime\4.5.2\httpmime-4.5.2.jar;C:\Develop\repository\com\google\code\gson\gson\2.8.5\gson-2.8.5.jar;C:\Develop\repository\org\apache\logging\log4j\log4j-api\2.11.1\log4j-api-2.11.1.jar;C:\Develop\repository\org\apache\logging\log4j\log4j-core\2.11.1\log4j-core-2.11.1.jar;"/>
    <property name="java.vm.vendor" value="Oracle Corporation"/>
    <property name="sun.arch.data.model" value="64"/>
    <property name="user.variant" value=""/>
    <property name="java.vendor.url" value="https://java.oracle.com/"/>
    <property name="user.timezone" value="Australia/Perth"/>
    <property name="os.name" value="Windows 10"/>
    <property name="java.vm.specification.version" value="14"/>
    <property name="sun.java.launcher" value="SUN_STANDARD"/>
    <property name="user.country" value="AU"/>
    <property name="sun.boot.library.path" value="C:\Program Files\Java\jdk-14.0.1\bin"/>
    <property name="sun.java.command" value="C:\Users\28366\AppData\Local\Temp\surefire10584308067387314085\surefirebooter11634114535396279622.jar C:\Users\28366\AppData\Local\Temp\surefire10584308067387314085 2023-10-15T11-39-11_123-jvmRun1 surefire11236807401927337559tmp surefire_09739504120596941733tmp"/>
    <property name="jdk.debug" value="release"/>
    <property name="surefire.test.class.path" value="C:\Reporsitory\Web UI1.0\target\test-classes;C:\Reporsitory\Web UI1.0\target\classes;C:\Develop\repository\org\seleniumhq\selenium\selenium-java\3.141.59\selenium-java-3.141.59.jar;C:\Develop\repository\org\seleniumhq\selenium\selenium-api\3.141.59\selenium-api-3.141.59.jar;C:\Develop\repository\org\seleniumhq\selenium\selenium-chrome-driver\3.141.59\selenium-chrome-driver-3.141.59.jar;C:\Develop\repository\org\seleniumhq\selenium\selenium-edge-driver\3.141.59\selenium-edge-driver-3.141.59.jar;C:\Develop\repository\org\seleniumhq\selenium\selenium-firefox-driver\3.141.59\selenium-firefox-driver-3.141.59.jar;C:\Develop\repository\org\seleniumhq\selenium\selenium-ie-driver\3.141.59\selenium-ie-driver-3.141.59.jar;C:\Develop\repository\org\seleniumhq\selenium\selenium-opera-driver\3.141.59\selenium-opera-driver-3.141.59.jar;C:\Develop\repository\org\seleniumhq\selenium\selenium-remote-driver\3.141.59\selenium-remote-driver-3.141.59.jar;C:\Develop\repository\org\seleniumhq\selenium\selenium-safari-driver\3.141.59\selenium-safari-driver-3.141.59.jar;C:\Develop\repository\org\seleniumhq\selenium\selenium-support\3.141.59\selenium-support-3.141.59.jar;C:\Develop\repository\net\bytebuddy\byte-buddy\1.8.15\byte-buddy-1.8.15.jar;C:\Develop\repository\org\apache\commons\commons-exec\1.3\commons-exec-1.3.jar;C:\Develop\repository\com\google\guava\guava\25.0-jre\guava-25.0-jre.jar;C:\Develop\repository\com\google\code\findbugs\jsr305\1.3.9\jsr305-1.3.9.jar;C:\Develop\repository\org\checkerframework\checker-compat-qual\2.0.0\checker-compat-qual-2.0.0.jar;C:\Develop\repository\com\google\errorprone\error_prone_annotations\2.1.3\error_prone_annotations-2.1.3.jar;C:\Develop\repository\com\google\j2objc\j2objc-annotations\1.1\j2objc-annotations-1.1.jar;C:\Develop\repository\org\codehaus\mojo\animal-sniffer-annotations\1.14\animal-sniffer-annotations-1.14.jar;C:\Develop\repository\com\squareup\okhttp3\okhttp\3.11.0\okhttp-3.11.0.jar;C:\Develop\repository\com\squareup\okio\okio\1.14.0\okio-1.14.0.jar;C:\Develop\repository\org\testng\testng\6.14.3\testng-6.14.3.jar;C:\Develop\repository\com\beust\jcommander\1.72\jcommander-1.72.jar;C:\Develop\repository\org\apache-extras\beanshell\bsh\2.0b6\bsh-2.0b6.jar;C:\Develop\repository\com\aventstack\extentreports\4.0.9\extentreports-4.0.9.jar;C:\Develop\repository\org\freemarker\freemarker\2.3.23\freemarker-2.3.23.jar;C:\Develop\repository\org\mongodb\mongodb-driver\3.3.0\mongodb-driver-3.3.0.jar;C:\Develop\repository\org\mongodb\mongodb-driver-core\3.3.0\mongodb-driver-core-3.3.0.jar;C:\Develop\repository\org\mongodb\bson\3.3.0\bson-3.3.0.jar;C:\Develop\repository\org\apache\httpcomponents\httpclient\4.5.2\httpclient-4.5.2.jar;C:\Develop\repository\org\apache\httpcomponents\httpcore\4.4.4\httpcore-4.4.4.jar;C:\Develop\repository\commons-logging\commons-logging\1.2\commons-logging-1.2.jar;C:\Develop\repository\commons-codec\commons-codec\1.9\commons-codec-1.9.jar;C:\Develop\repository\org\apache\httpcomponents\httpmime\4.5.2\httpmime-4.5.2.jar;C:\Develop\repository\com\google\code\gson\gson\2.8.5\gson-2.8.5.jar;C:\Develop\repository\org\apache\logging\log4j\log4j-api\2.11.1\log4j-api-2.11.1.jar;C:\Develop\repository\org\apache\logging\log4j\log4j-core\2.11.1\log4j-core-2.11.1.jar;"/>
    <property name="sun.cpu.endian" value="little"/>
    <property name="user.home" value="C:\Users\28366"/>
    <property name="user.language" value="en"/>
    <property name="java.specification.vendor" value="Oracle Corporation"/>
    <property name="java.version.date" value="2020-04-14"/>
    <property name="java.home" value="C:\Program Files\Java\jdk-14.0.1"/>
    <property name="file.separator" value="\"/>
    <property name="basedir" value="C:\Reporsitory\Web UI1.0"/>
    <property name="java.vm.compressedOopsMode" value="32-bit"/>
    <property name="line.separator" value="&#10;"/>
    <property name="java.vm.specification.vendor" value="Oracle Corporation"/>
    <property name="java.specification.name" value="Java Platform API Specification"/>
    <property name="idea.version2020.1.1" value="true"/>
    <property name="surefire.real.class.path" value="C:\Users\28366\AppData\Local\Temp\surefire10584308067387314085\surefirebooter11634114535396279622.jar"/>
    <property name="user.script" value=""/>
    <property name="sun.management.compiler" value="HotSpot 64-Bit Tiered Compilers"/>
    <property name="java.runtime.version" value="14.0.1+7"/>
    <property name="user.name" value="28366"/>
    <property name="path.separator" value=";"/>
    <property name="os.version" value="10.0"/>
    <property name="java.runtime.name" value="Java(TM) SE Runtime Environment"/>
    <property name="file.encoding" value="Cp1252"/>
    <property name="java.vm.name" value="Java HotSpot(TM) 64-Bit Server VM"/>
    <property name="localRepository" value="C:\Develop\repository"/>
    <property name="java.vendor.url.bug" value="https://bugreport.java.com/bugreport/"/>
    <property name="java.io.tmpdir" value="C:\Users\28366\AppData\Local\Temp\"/>
    <property name="java.version" value="14.0.1"/>
    <property name="user.dir" value="C:\Reporsitory\Web UI1.0"/>
    <property name="os.arch" value="amd64"/>
    <property name="java.vm.specification.name" value="Java Virtual Machine Specification"/>
    <property name="sun.os.patch.level" value=""/>
    <property name="java.library.path" value="C:\Program Files\Java\jdk-14.0.1\bin;C:\WINDOWS\Sun\Java\bin;C:\WINDOWS\system32;C:\WINDOWS;C:\Python311\Scripts\;C:\Python311\;C:\Program Files\Common Files\Oracle\Java\javapath;C:\SIMULIA\Commands;C:\Program Files (x86)\NVIDIA Corporation\PhysX\Common;C:\Program Files (x86)\Common Files\Oracle\Java\javapath;C:\WINDOWS\system32;C:\WINDOWS;C:\WINDOWS\System32\Wbem;C:\WINDOWS\System32\WindowsPowerShell\v1.0\;C:\WINDOWS\System32\OpenSSH\;C:\apache-tomcat-9.0.35\bin;C:\Program Files\Java\jdk1.8.0_92\bin;C:\MySQL Server 5.5\bin;C:\Develop\apache-maven-3.3.9\bin;C:\Users\28366\AppData\Local\Google\Chrome\Application;C:\Program Files\Mozilla Firefox;C:\Program Files (x86)\Microsoft\Edge\Application;&quot;C:\WINDOWS\system32;C:\WINDOWS\System32\WindowsPowerShell\v1.0\&quot;;C:\axis2-1.6.2-01\axis2-1.6.2\bin;C:\WINDOWS\system32;C:\WINDOWS;C:\WINDOWS\System32\Wbem;C:\WINDOWS\System32\WindowsPowerShell\v1.0\;C:\WINDOWS\System32\OpenSSH\;C:\Program Files\nodejs\;C:\ProgramData\chocolatey\bin;C:\Program Files\nodejs\;C:\Users\28366\AppData\Roaming\npm;C:\Program Files\MySQL\MySQL Server 8.0\bin;C:\Program Files\Java\jdk-14.0.1\bin;C:\Program Files\Git\cmd;C:\Users\28366\AppData\Local\Microsoft\WindowsApps;;C:\Users\28366\AppData\Local\Programs\Microsoft VS Code\bin;C:\Users\28366\AppData\Roaming\npm;."/>
    <property name="java.vm.info" value="mixed mode, sharing"/>
    <property name="java.vendor" value="Oracle Corporation"/>
    <property name="java.vm.version" value="14.0.1+7"/>
    <property name="sun.io.unicode.encoding" value="UnicodeLittle"/>
    <property name="java.class.version" value="58.0"/>
  </properties>
  <testcase name="homePageTest" classname="HomePage.HomePageTest" time="0.675"/>
  <testcase name="loginPageTest" classname="LoginPage.LoginPageTest" time="0.877">
    <failure message="login failed testjava.lang.AssertionError: expected [false] but found [true]" type="java.lang.AssertionError">java.lang.AssertionError: login failed testjava.lang.AssertionError: expected [false] but found [true]
	at LoginPage.LoginPageTest.loginPageTest(LoginPageTest.java:34)
</failure>
    <system-out><![CDATA[*** Running test method loginPageTest...
]]></system-out>
    <system-err><![CDATA[1697341162677	Marionette	INFO	Stopped listening on port 63200
Dynamically enable window occlusion 1
1697341166619	geckodriver	INFO	Listening on 127.0.0.1:39660
1697341166673	mozrunner::runner	INFO	Running command: "C:\\Program Files\\Mozilla Firefox\\firefox.exe" "--marionette" "-foreground" "-no-remote" "-profile" "C:\\Users\\28366\\AppData\\Local\\Temp\\rust_mozprofileG2E9Rj"
console.warn: services.settings: Ignoring preference override of remote settings server
console.warn: services.settings: Allow by setting MOZ_REMOTE_SETTINGS_DEVTOOLS=1 in the environment
1697341167802	Marionette	INFO	Marionette enabled
Dynamically enable window occlusion 0
console.error: "Warning: unrecognized command line flag" "-foreground"
1697341169383	Marionette	INFO	Listening on port 63256
1697341169848	RemoteAgent	WARN	TLS certificate errors will be ignored for this session
Oct 15, 2023 11:39:34 AM org.openqa.selenium.remote.ProtocolHandshake createSession
INFO: Detected dialect: W3C
]]></system-err>
  </testcase>
</testsuite>