<?xml version="1.0" encoding="UTF-8"?>
<!-- Generated by org.testng.reporters.JUnitReportReporter -->
<testsuite hostname="Peter" failures="0" tests="1" name="HomePage.HomePageTest" time="0.677" errors="0" timestamp="15 Oct 2023 03:39:43 GMT" skipped="0">
  <testcase classname="HomePage.HomePageTest" name="homePageTest" time="0.677"/>
</testsuite> <!-- HomePage.HomePageTest -->
